{"total": {"lines":{"total":1347,"covered":1277,"skipped":0,"pct":94.8},"statements":{"total":1347,"covered":1277,"skipped":0,"pct":94.8},"functions":{"total":97,"covered":91,"skipped":0,"pct":93.81},"branches":{"total":315,"covered":238,"skipped":0,"pct":75.55},"branchesTrue":{"total":0,"covered":0,"skipped":0,"pct":100}}
,"C:\\Users\\noisy\\Documents\\SPORA\\spora-client\\src\\components\\home\\SignInForm.tsx": {"lines":{"total":116,"covered":106,"skipped":0,"pct":91.37},"functions":{"total":6,"covered":5,"skipped":0,"pct":83.33},"statements":{"total":116,"covered":106,"skipped":0,"pct":91.37},"branches":{"total":22,"covered":13,"skipped":0,"pct":59.09}}
,"C:\\Users\\noisy\\Documents\\SPORA\\spora-client\\src\\components\\home\\SignUpForm.tsx": {"lines":{"total":153,"covered":142,"skipped":0,"pct":92.81},"functions":{"total":8,"covered":7,"skipped":0,"pct":87.5},"statements":{"total":153,"covered":142,"skipped":0,"pct":92.81},"branches":{"total":21,"covered":17,"skipped":0,"pct":80.95}}
,"C:\\Users\\noisy\\Documents\\SPORA\\spora-client\\src\\constants\\routes.ts": {"lines":{"total":44,"covered":44,"skipped":0,"pct":100},"functions":{"total":7,"covered":7,"skipped":0,"pct":100},"statements":{"total":44,"covered":44,"skipped":0,"pct":100},"branches":{"total":8,"covered":8,"skipped":0,"pct":100}}
,"C:\\Users\\noisy\\Documents\\SPORA\\spora-client\\src\\hooks\\use-detect-browser.ts": {"lines":{"total":19,"covered":19,"skipped":0,"pct":100},"functions":{"total":1,"covered":1,"skipped":0,"pct":100},"statements":{"total":19,"covered":19,"skipped":0,"pct":100},"branches":{"total":11,"covered":10,"skipped":0,"pct":90.9}}
,"C:\\Users\\noisy\\Documents\\SPORA\\spora-client\\src\\hooks\\use-dimensions.ts": {"lines":{"total":21,"covered":21,"skipped":0,"pct":100},"functions":{"total":2,"covered":2,"skipped":0,"pct":100},"statements":{"total":21,"covered":21,"skipped":0,"pct":100},"branches":{"total":4,"covered":4,"skipped":0,"pct":100}}
,"C:\\Users\\noisy\\Documents\\SPORA\\spora-client\\src\\hooks\\use-screen-size.ts": {"lines":{"total":34,"covered":34,"skipped":0,"pct":100},"functions":{"total":4,"covered":4,"skipped":0,"pct":100},"statements":{"total":34,"covered":34,"skipped":0,"pct":100},"branches":{"total":10,"covered":10,"skipped":0,"pct":100}}
,"C:\\Users\\noisy\\Documents\\SPORA\\spora-client\\src\\hooks\\useAdminPanel.ts": {"lines":{"total":273,"covered":248,"skipped":0,"pct":90.84},"functions":{"total":4,"covered":4,"skipped":0,"pct":100},"statements":{"total":273,"covered":248,"skipped":0,"pct":90.84},"branches":{"total":60,"covered":30,"skipped":0,"pct":50}}
,"C:\\Users\\noisy\\Documents\\SPORA\\spora-client\\src\\hooks\\useFloraThumbnails.ts": {"lines":{"total":42,"covered":41,"skipped":0,"pct":97.61},"functions":{"total":1,"covered":1,"skipped":0,"pct":100},"statements":{"total":42,"covered":41,"skipped":0,"pct":97.61},"branches":{"total":15,"covered":12,"skipped":0,"pct":80}}
,"C:\\Users\\noisy\\Documents\\SPORA\\spora-client\\src\\lib\\admin-api.ts": {"lines":{"total":100,"covered":95,"skipped":0,"pct":95},"functions":{"total":15,"covered":14,"skipped":0,"pct":93.33},"statements":{"total":100,"covered":95,"skipped":0,"pct":95},"branches":{"total":16,"covered":14,"skipped":0,"pct":87.5}}
,"C:\\Users\\noisy\\Documents\\SPORA\\spora-client\\src\\lib\\auth.ts": {"lines":{"total":98,"covered":93,"skipped":0,"pct":94.89},"functions":{"total":13,"covered":12,"skipped":0,"pct":92.3},"statements":{"total":98,"covered":93,"skipped":0,"pct":94.89},"branches":{"total":20,"covered":19,"skipped":0,"pct":95}}
,"C:\\Users\\noisy\\Documents\\SPORA\\spora-client\\src\\lib\\cloudinary.ts": {"lines":{"total":11,"covered":11,"skipped":0,"pct":100},"functions":{"total":1,"covered":1,"skipped":0,"pct":100},"statements":{"total":11,"covered":11,"skipped":0,"pct":100},"branches":{"total":6,"covered":6,"skipped":0,"pct":100}}
,"C:\\Users\\noisy\\Documents\\SPORA\\spora-client\\src\\lib\\floraViewBack.ts": {"lines":{"total":30,"covered":30,"skipped":0,"pct":100},"functions":{"total":2,"covered":2,"skipped":0,"pct":100},"statements":{"total":30,"covered":30,"skipped":0,"pct":100},"branches":{"total":16,"covered":15,"skipped":0,"pct":93.75}}
,"C:\\Users\\noisy\\Documents\\SPORA\\spora-client\\src\\lib\\floras.ts": {"lines":{"total":15,"covered":15,"skipped":0,"pct":100},"functions":{"total":3,"covered":3,"skipped":0,"pct":100},"statements":{"total":15,"covered":15,"skipped":0,"pct":100},"branches":{"total":3,"covered":3,"skipped":0,"pct":100}}
,"C:\\Users\\noisy\\Documents\\SPORA\\spora-client\\src\\lib\\followApi.ts": {"lines":{"total":27,"covered":27,"skipped":0,"pct":100},"functions":{"total":6,"covered":6,"skipped":0,"pct":100},"statements":{"total":27,"covered":27,"skipped":0,"pct":100},"branches":{"total":9,"covered":7,"skipped":0,"pct":77.77}}
,"C:\\Users\\noisy\\Documents\\SPORA\\spora-client\\src\\lib\\morphology.ts": {"lines":{"total":44,"covered":44,"skipped":0,"pct":100},"functions":{"total":1,"covered":1,"skipped":0,"pct":100},"statements":{"total":44,"covered":44,"skipped":0,"pct":100},"branches":{"total":21,"covered":19,"skipped":0,"pct":90.47}}
,"C:\\Users\\noisy\\Documents\\SPORA\\spora-client\\src\\lib\\pdf-brand.ts": {"lines":{"total":100,"covered":100,"skipped":0,"pct":100},"functions":{"total":6,"covered":6,"skipped":0,"pct":100},"statements":{"total":100,"covered":100,"skipped":0,"pct":100},"branches":{"total":7,"covered":7,"skipped":0,"pct":100}}
,"C:\\Users\\noisy\\Documents\\SPORA\\spora-client\\src\\lib\\profileApi.ts": {"lines":{"total":126,"covered":115,"skipped":0,"pct":91.26},"functions":{"total":11,"covered":10,"skipped":0,"pct":90.9},"statements":{"total":126,"covered":115,"skipped":0,"pct":91.26},"branches":{"total":45,"covered":29,"skipped":0,"pct":64.44}}
,"C:\\Users\\noisy\\Documents\\SPORA\\spora-client\\src\\lib\\reports-api.ts": {"lines":{"total":14,"covered":14,"skipped":0,"pct":100},"functions":{"total":1,"covered":1,"skipped":0,"pct":100},"statements":{"total":14,"covered":14,"skipped":0,"pct":100},"branches":{"total":1,"covered":1,"skipped":0,"pct":100}}
,"C:\\Users\\noisy\\Documents\\SPORA\\spora-client\\src\\lib\\usersApi.ts": {"lines":{"total":6,"covered":6,"skipped":0,"pct":100},"functions":{"total":1,"covered":1,"skipped":0,"pct":100},"statements":{"total":6,"covered":6,"skipped":0,"pct":100},"branches":{"total":1,"covered":1,"skipped":0,"pct":100}}
,"C:\\Users\\noisy\\Documents\\SPORA\\spora-client\\src\\lib\\utils.ts": {"lines":{"total":12,"covered":12,"skipped":0,"pct":100},"functions":{"total":1,"covered":1,"skipped":0,"pct":100},"statements":{"total":12,"covered":12,"skipped":0,"pct":100},"branches":{"total":1,"covered":1,"skipped":0,"pct":100}}
,"C:\\Users\\noisy\\Documents\\SPORA\\spora-client\\src\\views\\Installation.tsx": {"lines":{"total":62,"covered":60,"skipped":0,"pct":96.77},"functions":{"total":3,"covered":2,"skipped":0,"pct":66.66},"statements":{"total":62,"covered":60,"skipped":0,"pct":96.77},"branches":{"total":18,"covered":12,"skipped":0,"pct":66.66}}
}
